2022-11-23T11:33:44.533638+00:00 INFO 'ansible_navigator.setup_logger' New ansible-navigator instance, logging initialized
2022-11-23T11:33:44.534365+00:00 INFO 'ansible_navigator.setup_logger' New ansible-runner instance, logging initialized
2022-11-23T11:33:44.534428+00:00 DEBUG 'ansible_navigator.main' ansible-builder==1.1.0 /Users/mrainer/venv/aap2/lib/python3.9/site-packages
2022-11-23T11:33:44.534472+00:00 DEBUG 'ansible_navigator.main' ansible-core==2.12.2 /Users/mrainer/venv/aap2/lib/python3.9/site-packages
2022-11-23T11:33:44.534512+00:00 DEBUG 'ansible_navigator.main' ansible-navigator==2.1.0 /Users/mrainer/venv/aap2/lib/python3.9/site-packages
2022-11-23T11:33:44.534549+00:00 DEBUG 'ansible_navigator.main' ansible-runner==2.0.2 /Users/mrainer/venv/aap2/lib/python3.9/site-packages
2022-11-23T11:33:44.534586+00:00 DEBUG 'ansible_navigator.main' ansible==5.3.0 /Users/mrainer/venv/aap2/lib/python3.9/site-packages
2022-11-23T11:33:44.534622+00:00 DEBUG 'ansible_navigator.main' attrs==22.1.0 /Users/mrainer/venv/aap2/lib/python3.9/site-packages
2022-11-23T11:33:44.534658+00:00 DEBUG 'ansible_navigator.main' bindep==2.9.0 /Users/mrainer/venv/aap2/lib/python3.9/site-packages
2022-11-23T11:33:44.534694+00:00 DEBUG 'ansible_navigator.main' cffi==1.15.0 /Users/mrainer/venv/aap2/lib/python3.9/site-packages
2022-11-23T11:33:44.534730+00:00 DEBUG 'ansible_navigator.main' cryptography==35.0.0 /Users/mrainer/venv/aap2/lib/python3.9/site-packages
2022-11-23T11:33:44.534765+00:00 DEBUG 'ansible_navigator.main' distro==1.6.0 /Users/mrainer/venv/aap2/lib/python3.9/site-packages
2022-11-23T11:33:44.534800+00:00 DEBUG 'ansible_navigator.main' docutils==0.17.1 /Users/mrainer/venv/aap2/lib/python3.9/site-packages
2022-11-23T11:33:44.534836+00:00 DEBUG 'ansible_navigator.main' future==0.18.2 /Users/mrainer/venv/aap2/lib/python3.9/site-packages
2022-11-23T11:33:44.534871+00:00 DEBUG 'ansible_navigator.main' jinja2==3.0.3 /Users/mrainer/venv/aap2/lib/python3.9/site-packages
2022-11-23T11:33:44.534907+00:00 DEBUG 'ansible_navigator.main' jsonschema==4.16.0 /Users/mrainer/venv/aap2/lib/python3.9/site-packages
2022-11-23T11:33:44.534942+00:00 DEBUG 'ansible_navigator.main' lockfile==0.12.2 /Users/mrainer/venv/aap2/lib/python3.9/site-packages
2022-11-23T11:33:44.534978+00:00 DEBUG 'ansible_navigator.main' markupsafe==2.0.1 /Users/mrainer/venv/aap2/lib/python3.9/site-packages
2022-11-23T11:33:44.535013+00:00 DEBUG 'ansible_navigator.main' onigurumacffi==1.1.0 /Users/mrainer/venv/aap2/lib/python3.9/site-packages
2022-11-23T11:33:44.535049+00:00 DEBUG 'ansible_navigator.main' packaging==21.0 /Users/mrainer/venv/aap2/lib/python3.9/site-packages
2022-11-23T11:33:44.535084+00:00 DEBUG 'ansible_navigator.main' parsley==1.3 /Users/mrainer/venv/aap2/lib/python3.9/site-packages
2022-11-23T11:33:44.535119+00:00 DEBUG 'ansible_navigator.main' pbr==5.6.0 /Users/mrainer/venv/aap2/lib/python3.9/site-packages
2022-11-23T11:33:44.535155+00:00 DEBUG 'ansible_navigator.main' pexpect==4.8.0 /Users/mrainer/venv/aap2/lib/python3.9/site-packages
2022-11-23T11:33:44.535190+00:00 DEBUG 'ansible_navigator.main' pip==22.2.2 /Users/mrainer/venv/aap2/lib/python3.9/site-packages
2022-11-23T11:33:44.535226+00:00 DEBUG 'ansible_navigator.main' ptyprocess==0.7.0 /Users/mrainer/venv/aap2/lib/python3.9/site-packages
2022-11-23T11:33:44.535261+00:00 DEBUG 'ansible_navigator.main' pycparser==2.20 /Users/mrainer/venv/aap2/lib/python3.9/site-packages
2022-11-23T11:33:44.535297+00:00 DEBUG 'ansible_navigator.main' pyparsing==2.4.7 /Users/mrainer/venv/aap2/lib/python3.9/site-packages
2022-11-23T11:33:44.535332+00:00 DEBUG 'ansible_navigator.main' pyrsistent==0.18.1 /Users/mrainer/venv/aap2/lib/python3.9/site-packages
2022-11-23T11:33:44.535368+00:00 DEBUG 'ansible_navigator.main' python-daemon==2.3.0 /Users/mrainer/venv/aap2/lib/python3.9/site-packages
2022-11-23T11:33:44.535403+00:00 DEBUG 'ansible_navigator.main' pyyaml==6.0 /Users/mrainer/venv/aap2/lib/python3.9/site-packages
2022-11-23T11:33:44.535438+00:00 DEBUG 'ansible_navigator.main' requirements-parser==0.2.0 /Users/mrainer/venv/aap2/lib/python3.9/site-packages
2022-11-23T11:33:44.535486+00:00 DEBUG 'ansible_navigator.main' resolvelib==0.5.4 /Users/mrainer/venv/aap2/lib/python3.9/site-packages
2022-11-23T11:33:44.535520+00:00 DEBUG 'ansible_navigator.main' setuptools==57.4.0 /Users/mrainer/venv/aap2/lib/python3.9/site-packages
2022-11-23T11:33:44.535553+00:00 DEBUG 'ansible_navigator.main' six==1.16.0 /Users/mrainer/venv/aap2/lib/python3.9/site-packages
2022-11-23T11:33:44.535585+00:00 DEBUG 'ansible_navigator.main' textfsm==1.1.2 /Users/mrainer/venv/aap2/lib/python3.9/site-packages
2022-11-23T11:33:44.535618+00:00 DEBUG 'ansible_navigator.main' tzdata==2022.2 /Users/mrainer/venv/aap2/lib/python3.9/site-packages
2022-11-23T11:33:44.535650+00:00 DEBUG 'ansible_navigator.main' wheel==0.37.1 /Users/mrainer/venv/aap2/lib/python3.9/site-packages
2022-11-23T11:33:44.535683+00:00 DEBUG 'ansible_navigator.main' Share directory '/Users/mrainer/venv/aap2/lib/python3.9/share/ansible_navigator' not found (development path)
2022-11-23T11:33:44.535716+00:00 DEBUG 'ansible_navigator.main' Share directory '/Users/mrainer/Library/Python/3.9/share/ansible_navigator' not found (userbase)
2022-11-23T11:33:44.535748+00:00 DEBUG 'ansible_navigator.main' Share directory '/Users/mrainer/venv/aap2/share/ansible_navigator' found (sys.prefix)
2022-11-23T11:33:44.535780+00:00 DEBUG 'ansible_navigator.main' Default collection_doc_cache_path set to: /Users/mrainer/.cache/ansible-navigator/collection_doc_cache.db
2022-11-23T11:33:44.535813+00:00 DEBUG 'ansible_navigator.main' EDITOR environment variable not set
2022-11-23T11:33:44.535845+00:00 DEBUG 'ansible_navigator.main' Default editor_command set to: vi +{line_number} {filename}
2022-11-23T11:33:44.535878+00:00 DEBUG 'ansible_navigator.main' No config file set by ANSIBLE_NAVIGATOR_CONFIG
2022-11-23T11:33:44.535910+00:00 DEBUG 'ansible_navigator.main' Looking in /Users/mrainer
2022-11-23T11:33:44.535943+00:00 DEBUG 'ansible_navigator.main' Looking for '/Users/mrainer/.ansible-navigator.yml', '/Users/mrainer/.ansible-navigator.yaml' and '/Users/mrainer/.ansible-navigator.json'
2022-11-23T11:33:44.535976+00:00 DEBUG 'ansible_navigator.main' Found 0: 
2022-11-23T11:33:44.536008+00:00 DEBUG 'ansible_navigator.main' Looking in /Users/mrainer/Documents/dev/ansible/generic/cisco/pyats
2022-11-23T11:33:44.536041+00:00 DEBUG 'ansible_navigator.main' Looking for '/Users/mrainer/Documents/dev/ansible/generic/cisco/pyats/ansible-navigator.yml', '/Users/mrainer/Documents/dev/ansible/generic/cisco/pyats/ansible-navigator.yaml' and '/Users/mrainer/Documents/dev/ansible/generic/cisco/pyats/ansible-navigator.json'
2022-11-23T11:33:44.536074+00:00 DEBUG 'ansible_navigator.main' Found 0: 
2022-11-23T11:33:44.536107+00:00 DEBUG 'ansible_navigator.main' All found 0: 
2022-11-23T11:33:44.536140+00:00 DEBUG 'ansible_navigator.main' Using: None
2022-11-23T11:33:44.536172+00:00 DEBUG 'ansible_navigator.main' No valid settings file found, using all default values for settings.
2022-11-23T11:33:44.536204+00:00 DEBUG 'ansible_navigator.main' Command provided: 'run ospf_sync.yml --mode stdout -t init'
2022-11-23T11:33:44.536236+00:00 DEBUG 'ansible_navigator.main' EE support enabled: using current working directory for 'ansible.cfg'
2022-11-23T11:33:44.536269+00:00 INFO 'ansible_navigator.main' EE support enabled: no 'ansible.cfg' found in current working directory. Tried /Users/mrainer/Documents/dev/ansible/generic/cisco/pyats/ansible.cfg
2022-11-23T11:33:44.536301+00:00 DEBUG 'ansible_navigator.main' Completed post processing for ansible_runner_artifact_dir. (changed=False)
2022-11-23T11:33:44.536334+00:00 DEBUG 'ansible_navigator.main' Completed post processing for ansible_runner_rotate_artifacts_count. (changed=False)
2022-11-23T11:33:44.536366+00:00 DEBUG 'ansible_navigator.main' Completed post processing for ansible_runner_timeout. (changed=False)
2022-11-23T11:33:44.536398+00:00 DEBUG 'ansible_navigator.main' Completed post processing for cmdline. (changed=False)
2022-11-23T11:33:44.536431+00:00 DEBUG 'ansible_navigator.main' Completed post processing for collection_doc_cache_path. (changed=False)
2022-11-23T11:33:44.536475+00:00 DEBUG 'ansible_navigator.main' Completed post processing for container_engine. (changed=True)
2022-11-23T11:33:44.536508+00:00 DEBUG 'ansible_navigator.main'  before: 'auto'
2022-11-23T11:33:44.536541+00:00 DEBUG 'ansible_navigator.main'  after: 'podman'
2022-11-23T11:33:44.536574+00:00 DEBUG 'ansible_navigator.main' Completed post processing for container_options. (changed=False)
2022-11-23T11:33:44.536607+00:00 DEBUG 'ansible_navigator.main' Completed post processing for display_color. (changed=False)
2022-11-23T11:33:44.536639+00:00 DEBUG 'ansible_navigator.main' Completed post processing for execution_environment. (changed=False)
2022-11-23T11:33:44.536671+00:00 DEBUG 'ansible_navigator.main' Completed post processing for execution_environment_image. (changed=False)
2022-11-23T11:33:44.536704+00:00 DEBUG 'ansible_navigator.main' Completed post processing for help_builder. (changed=False)
2022-11-23T11:33:44.536736+00:00 DEBUG 'ansible_navigator.main' Completed post processing for help_config. (changed=False)
2022-11-23T11:33:44.536768+00:00 DEBUG 'ansible_navigator.main' Completed post processing for help_doc. (changed=False)
2022-11-23T11:33:44.536800+00:00 DEBUG 'ansible_navigator.main' Completed post processing for help_inventory. (changed=False)
2022-11-23T11:33:44.536832+00:00 DEBUG 'ansible_navigator.main' Completed post processing for help_playbook. (changed=False)
2022-11-23T11:33:44.536865+00:00 DEBUG 'ansible_navigator.main' Completed post processing for images_details. (changed=False)
2022-11-23T11:33:44.536897+00:00 DEBUG 'ansible_navigator.main' Completed post processing for inventory. (changed=False)
2022-11-23T11:33:44.536929+00:00 DEBUG 'ansible_navigator.main' Completed post processing for inventory_column. (changed=False)
2022-11-23T11:33:44.536962+00:00 DEBUG 'ansible_navigator.main' Completed post processing for log_file. (changed=False)
2022-11-23T11:33:44.536994+00:00 DEBUG 'ansible_navigator.main' Completed post processing for pass_environment_variable. (changed=False)
2022-11-23T11:33:44.537026+00:00 DEBUG 'ansible_navigator.main' Completed post processing for playbook. (changed=True)
2022-11-23T11:33:44.537058+00:00 DEBUG 'ansible_navigator.main'  before: 'ospf_sync.yml'
2022-11-23T11:33:44.537091+00:00 DEBUG 'ansible_navigator.main'  after: '/Users/mrainer/Documents/dev/ansible/generic/cisco/pyats/ospf_sync.yml'
2022-11-23T11:33:44.537123+00:00 DEBUG 'ansible_navigator.main' Completed post processing for playbook_artifact_replay. (changed=False)
2022-11-23T11:33:44.537155+00:00 DEBUG 'ansible_navigator.main' Completed post processing for playbook_artifact_save_as. (changed=False)
2022-11-23T11:33:44.537187+00:00 DEBUG 'ansible_navigator.main' Completed post processing for plugin_name. (changed=False)
2022-11-23T11:33:44.537220+00:00 DEBUG 'ansible_navigator.main' Completed post processing for pull_arguments. (changed=False)
2022-11-23T11:33:44.537252+00:00 DEBUG 'ansible_navigator.main' Completed post processing for set_environment_variable. (changed=False)
2022-11-23T11:33:44.537284+00:00 DEBUG 'ansible_navigator.main' Completed post processing for settings_effective. (changed=False)
2022-11-23T11:33:44.537317+00:00 DEBUG 'ansible_navigator.main' Completed post processing for settings_sample. (changed=False)
2022-11-23T11:33:44.537349+00:00 DEBUG 'ansible_navigator.main' Completed post processing for settings_schema. (changed=False)
2022-11-23T11:33:44.537381+00:00 DEBUG 'ansible_navigator.main' Completed post processing for settings_sources. (changed=False)
2022-11-23T11:33:44.537413+00:00 DEBUG 'ansible_navigator.main' Completed post processing for time_zone. (changed=False)
2022-11-23T11:33:44.537445+00:00 DEBUG 'ansible_navigator.main' Completed post processing for execution_environment_volume_mounts. (changed=False)
2022-11-23T11:33:44.537478+00:00 DEBUG 'ansible_navigator.main' Completed post processing for mode. (changed=False)
2022-11-23T11:33:44.537513+00:00 WARNING 'ansible_navigator.main' Configuration errors encountered, rolling back to previous configuration.
2022-11-23T11:33:44.537556+00:00 DEBUG 'ansible_navigator.main' Prior to rollback: ansible_runner_artifact_dir = 'Not set' (Constants/Not set)
2022-11-23T11:33:44.537589+00:00 DEBUG 'ansible_navigator.main' Prior to rollback: ansible_runner_rotate_artifacts_count = 'Not set' (Constants/Not set)
2022-11-23T11:33:44.537622+00:00 DEBUG 'ansible_navigator.main' Prior to rollback: ansible_runner_timeout = 'Not set' (Constants/Not set)
2022-11-23T11:33:44.537654+00:00 DEBUG 'ansible_navigator.main' Prior to rollback: app = 'run' (str/Command line)
2022-11-23T11:33:44.537686+00:00 DEBUG 'ansible_navigator.main' Prior to rollback: cmdline = '['-t', 'init']' (list/Command line)
2022-11-23T11:33:44.537718+00:00 DEBUG 'ansible_navigator.main' Prior to rollback: collection_doc_cache_path = '/Users/mrainer/.cache/ansible-navigator/collection_doc_cache.db' (str/Defaults)
2022-11-23T11:33:44.537750+00:00 DEBUG 'ansible_navigator.main' Prior to rollback: config = 'Not set' (Constants/Not set)
2022-11-23T11:33:44.537782+00:00 DEBUG 'ansible_navigator.main' Prior to rollback: container_engine = 'podman' (str/Automatically determined)
2022-11-23T11:33:44.537814+00:00 DEBUG 'ansible_navigator.main' Prior to rollback: container_options = 'Not set' (Constants/Not set)
2022-11-23T11:33:44.537846+00:00 DEBUG 'ansible_navigator.main' Prior to rollback: display_color = 'True' (bool/Defaults)
2022-11-23T11:33:44.537878+00:00 DEBUG 'ansible_navigator.main' Prior to rollback: editor_command = 'vi +{line_number} {filename}' (str/Defaults)
2022-11-23T11:33:44.537910+00:00 DEBUG 'ansible_navigator.main' Prior to rollback: editor_console = 'True' (bool/Defaults)
2022-11-23T11:33:44.537942+00:00 DEBUG 'ansible_navigator.main' Prior to rollback: exec_command = '/bin/bash' (str/Defaults)
2022-11-23T11:33:44.537974+00:00 DEBUG 'ansible_navigator.main' Prior to rollback: exec_shell = 'True' (bool/Defaults)
2022-11-23T11:33:44.538006+00:00 DEBUG 'ansible_navigator.main' Prior to rollback: execution_environment = 'True' (bool/Defaults)
2022-11-23T11:33:44.538038+00:00 DEBUG 'ansible_navigator.main' Prior to rollback: execution_environment_image = 'quay.io/ansible/creator-ee:v0.4.2' (str/Defaults)
2022-11-23T11:33:44.538070+00:00 DEBUG 'ansible_navigator.main' Prior to rollback: execution_environment_volume_mounts = 'Not set' (Constants/Not set)
2022-11-23T11:33:44.538103+00:00 DEBUG 'ansible_navigator.main' Prior to rollback: help_builder = 'False' (bool/Defaults)
2022-11-23T11:33:44.538134+00:00 DEBUG 'ansible_navigator.main' Prior to rollback: help_config = 'False' (bool/Defaults)
2022-11-23T11:33:44.538166+00:00 DEBUG 'ansible_navigator.main' Prior to rollback: help_doc = 'False' (bool/Defaults)
2022-11-23T11:33:44.538198+00:00 DEBUG 'ansible_navigator.main' Prior to rollback: help_inventory = 'False' (bool/Defaults)
2022-11-23T11:33:44.538230+00:00 DEBUG 'ansible_navigator.main' Prior to rollback: help_playbook = 'False' (bool/Defaults)
2022-11-23T11:33:44.538263+00:00 DEBUG 'ansible_navigator.main' Prior to rollback: images_details = '['everything']' (list/Defaults)
2022-11-23T11:33:44.538295+00:00 DEBUG 'ansible_navigator.main' Prior to rollback: inventory = 'Not set' (Constants/Not set)
2022-11-23T11:33:44.538327+00:00 DEBUG 'ansible_navigator.main' Prior to rollback: inventory_column = 'Not set' (Constants/Not set)
2022-11-23T11:33:44.538359+00:00 DEBUG 'ansible_navigator.main' Prior to rollback: lint_config = 'Not set' (Constants/Not set)
2022-11-23T11:33:44.538391+00:00 DEBUG 'ansible_navigator.main' Prior to rollback: lintables = 'Not set' (Constants/Not set)
2022-11-23T11:33:44.538423+00:00 DEBUG 'ansible_navigator.main' Prior to rollback: log_append = 'True' (bool/Defaults)
2022-11-23T11:33:44.538455+00:00 DEBUG 'ansible_navigator.main' Prior to rollback: log_file = '/Users/mrainer/Documents/dev/ansible/generic/cisco/pyats/ansible-navigator.log' (str/Defaults)
2022-11-23T11:33:44.538487+00:00 DEBUG 'ansible_navigator.main' Prior to rollback: log_level = 'warning' (str/Defaults)
2022-11-23T11:33:44.538529+00:00 DEBUG 'ansible_navigator.main' Prior to rollback: mode = 'stdout' (str/Command line)
2022-11-23T11:33:44.538562+00:00 DEBUG 'ansible_navigator.main' Prior to rollback: osc4 = 'True' (bool/Defaults)
2022-11-23T11:33:44.538594+00:00 DEBUG 'ansible_navigator.main' Prior to rollback: pass_environment_variable = 'Not set' (Constants/Not set)
2022-11-23T11:33:44.538626+00:00 DEBUG 'ansible_navigator.main' Prior to rollback: playbook = '/Users/mrainer/Documents/dev/ansible/generic/cisco/pyats/ospf_sync.yml' (str/Command line)
2022-11-23T11:33:44.538658+00:00 DEBUG 'ansible_navigator.main' Prior to rollback: playbook_artifact_enable = 'True' (bool/Defaults)
2022-11-23T11:33:44.538690+00:00 DEBUG 'ansible_navigator.main' Prior to rollback: playbook_artifact_replay = 'Not set' (Constants/Not set)
2022-11-23T11:33:44.538725+00:00 DEBUG 'ansible_navigator.main' Prior to rollback: playbook_artifact_save_as = '{playbook_dir}/{playbook_name}-artifact-{time_stamp}.json' (str/Defaults)
2022-11-23T11:33:44.538757+00:00 DEBUG 'ansible_navigator.main' Prior to rollback: plugin_name = 'Not set' (Constants/Not set)
2022-11-23T11:33:44.538789+00:00 DEBUG 'ansible_navigator.main' Prior to rollback: plugin_type = 'module' (str/Defaults)
2022-11-23T11:33:44.538821+00:00 DEBUG 'ansible_navigator.main' Prior to rollback: pull_arguments = 'Not set' (Constants/Not set)
2022-11-23T11:33:44.538853+00:00 DEBUG 'ansible_navigator.main' Prior to rollback: pull_policy = 'tag' (str/Defaults)
2022-11-23T11:33:44.538885+00:00 DEBUG 'ansible_navigator.main' Prior to rollback: set_environment_variable = 'Not set' (Constants/Not set)
2022-11-23T11:33:44.538917+00:00 DEBUG 'ansible_navigator.main' Prior to rollback: settings_effective = 'False' (bool/Defaults)
2022-11-23T11:33:44.538949+00:00 DEBUG 'ansible_navigator.main' Prior to rollback: settings_sample = 'False' (bool/Defaults)
2022-11-23T11:33:44.538980+00:00 DEBUG 'ansible_navigator.main' Prior to rollback: settings_schema = 'json' (str/Defaults)
2022-11-23T11:33:44.539012+00:00 DEBUG 'ansible_navigator.main' Prior to rollback: settings_sources = 'False' (bool/Defaults)
2022-11-23T11:33:44.539044+00:00 DEBUG 'ansible_navigator.main' Prior to rollback: time_zone = 'UTC' (str/Defaults)
2022-11-23T11:33:44.539075+00:00 DEBUG 'ansible_navigator.main' Prior to rollback: workdir = '/Users/mrainer/Documents/dev/ansible/generic/cisco/pyats' (str/Defaults)
2022-11-23T11:33:44.539107+00:00 DEBUG 'ansible_navigator.main' After rollback: ansible_runner_artifact_dir = 'Not set' (Constants/Not set)
2022-11-23T11:33:44.539138+00:00 DEBUG 'ansible_navigator.main' After rollback: ansible_runner_rotate_artifacts_count = 'Not set' (Constants/Not set)
2022-11-23T11:33:44.539169+00:00 DEBUG 'ansible_navigator.main' After rollback: ansible_runner_timeout = 'Not set' (Constants/Not set)
2022-11-23T11:33:44.539213+00:00 DEBUG 'ansible_navigator.main' After rollback: app = 'Not set' (Constants/Not set)
2022-11-23T11:33:44.539244+00:00 DEBUG 'ansible_navigator.main' After rollback: cmdline = 'Not set' (Constants/Not set)
2022-11-23T11:33:44.539275+00:00 DEBUG 'ansible_navigator.main' After rollback: collection_doc_cache_path = 'Not set' (Constants/Not set)
2022-11-23T11:33:44.539306+00:00 DEBUG 'ansible_navigator.main' After rollback: config = 'Not set' (Constants/Not set)
2022-11-23T11:33:44.539336+00:00 DEBUG 'ansible_navigator.main' After rollback: container_engine = 'Not set' (Constants/Not set)
2022-11-23T11:33:44.539367+00:00 DEBUG 'ansible_navigator.main' After rollback: container_options = 'Not set' (Constants/Not set)
2022-11-23T11:33:44.539397+00:00 DEBUG 'ansible_navigator.main' After rollback: display_color = 'Not set' (Constants/Not set)
2022-11-23T11:33:44.539428+00:00 DEBUG 'ansible_navigator.main' After rollback: editor_command = 'Not set' (Constants/Not set)
2022-11-23T11:33:44.539458+00:00 DEBUG 'ansible_navigator.main' After rollback: editor_console = 'Not set' (Constants/Not set)
2022-11-23T11:33:44.539489+00:00 DEBUG 'ansible_navigator.main' After rollback: exec_command = 'Not set' (Constants/Not set)
2022-11-23T11:33:44.539529+00:00 DEBUG 'ansible_navigator.main' After rollback: exec_shell = 'Not set' (Constants/Not set)
2022-11-23T11:33:44.539562+00:00 DEBUG 'ansible_navigator.main' After rollback: execution_environment = 'Not set' (Constants/Not set)
2022-11-23T11:33:44.539593+00:00 DEBUG 'ansible_navigator.main' After rollback: execution_environment_image = 'Not set' (Constants/Not set)
2022-11-23T11:33:44.539624+00:00 DEBUG 'ansible_navigator.main' After rollback: execution_environment_volume_mounts = 'Not set' (Constants/Not set)
2022-11-23T11:33:44.539655+00:00 DEBUG 'ansible_navigator.main' After rollback: help_builder = 'Not set' (Constants/Not set)
2022-11-23T11:33:44.539686+00:00 DEBUG 'ansible_navigator.main' After rollback: help_config = 'Not set' (Constants/Not set)
2022-11-23T11:33:44.539717+00:00 DEBUG 'ansible_navigator.main' After rollback: help_doc = 'Not set' (Constants/Not set)
2022-11-23T11:33:44.539748+00:00 DEBUG 'ansible_navigator.main' After rollback: help_inventory = 'Not set' (Constants/Not set)
2022-11-23T11:33:44.539778+00:00 DEBUG 'ansible_navigator.main' After rollback: help_playbook = 'Not set' (Constants/Not set)
2022-11-23T11:33:44.539809+00:00 DEBUG 'ansible_navigator.main' After rollback: images_details = 'Not set' (Constants/Not set)
2022-11-23T11:33:44.539840+00:00 DEBUG 'ansible_navigator.main' After rollback: inventory = 'Not set' (Constants/Not set)
2022-11-23T11:33:44.539871+00:00 DEBUG 'ansible_navigator.main' After rollback: inventory_column = 'Not set' (Constants/Not set)
2022-11-23T11:33:44.539902+00:00 DEBUG 'ansible_navigator.main' After rollback: lint_config = 'Not set' (Constants/Not set)
2022-11-23T11:33:44.539933+00:00 DEBUG 'ansible_navigator.main' After rollback: lintables = 'Not set' (Constants/Not set)
2022-11-23T11:33:44.539964+00:00 DEBUG 'ansible_navigator.main' After rollback: log_append = 'Not set' (Constants/Not set)
2022-11-23T11:33:44.539994+00:00 DEBUG 'ansible_navigator.main' After rollback: log_file = 'Not set' (Constants/Not set)
2022-11-23T11:33:44.540025+00:00 DEBUG 'ansible_navigator.main' After rollback: log_level = 'Not set' (Constants/Not set)
2022-11-23T11:33:44.540056+00:00 DEBUG 'ansible_navigator.main' After rollback: mode = 'Not set' (Constants/Not set)
2022-11-23T11:33:44.540087+00:00 DEBUG 'ansible_navigator.main' After rollback: osc4 = 'Not set' (Constants/Not set)
2022-11-23T11:33:44.540117+00:00 DEBUG 'ansible_navigator.main' After rollback: pass_environment_variable = 'Not set' (Constants/Not set)
2022-11-23T11:33:44.540148+00:00 DEBUG 'ansible_navigator.main' After rollback: playbook = 'Not set' (Constants/Not set)
2022-11-23T11:33:44.540193+00:00 DEBUG 'ansible_navigator.main' After rollback: playbook_artifact_enable = 'Not set' (Constants/Not set)
2022-11-23T11:33:44.540223+00:00 DEBUG 'ansible_navigator.main' After rollback: playbook_artifact_replay = 'Not set' (Constants/Not set)
2022-11-23T11:33:44.540252+00:00 DEBUG 'ansible_navigator.main' After rollback: playbook_artifact_save_as = 'Not set' (Constants/Not set)
2022-11-23T11:33:44.540282+00:00 DEBUG 'ansible_navigator.main' After rollback: plugin_name = 'Not set' (Constants/Not set)
2022-11-23T11:33:44.540313+00:00 DEBUG 'ansible_navigator.main' After rollback: plugin_type = 'Not set' (Constants/Not set)
2022-11-23T11:33:44.540343+00:00 DEBUG 'ansible_navigator.main' After rollback: pull_arguments = 'Not set' (Constants/Not set)
2022-11-23T11:33:44.540373+00:00 DEBUG 'ansible_navigator.main' After rollback: pull_policy = 'Not set' (Constants/Not set)
2022-11-23T11:33:44.540403+00:00 DEBUG 'ansible_navigator.main' After rollback: set_environment_variable = 'Not set' (Constants/Not set)
2022-11-23T11:33:44.540433+00:00 DEBUG 'ansible_navigator.main' After rollback: settings_effective = 'Not set' (Constants/Not set)
2022-11-23T11:33:44.540463+00:00 DEBUG 'ansible_navigator.main' After rollback: settings_sample = 'Not set' (Constants/Not set)
2022-11-23T11:33:44.540493+00:00 DEBUG 'ansible_navigator.main' After rollback: settings_schema = 'Not set' (Constants/Not set)
2022-11-23T11:33:44.540532+00:00 DEBUG 'ansible_navigator.main' After rollback: settings_sources = 'Not set' (Constants/Not set)
2022-11-23T11:33:44.540564+00:00 DEBUG 'ansible_navigator.main' After rollback: time_zone = 'Not set' (Constants/Not set)
2022-11-23T11:33:44.540594+00:00 DEBUG 'ansible_navigator.main' After rollback: workdir = 'Not set' (Constants/Not set)
2022-11-23T11:33:44.540624+00:00 DEBUG 'ansible_navigator.main' Configuration rollback complete.
2022-11-23T11:33:44.540654+00:00 DEBUG 'ansible_navigator.main' Collection doc cache not mounted
2022-11-23T11:33:44.540692+00:00 WARNING 'ansible_navigator.main' Issues were found while applying the settings.
2022-11-23T11:33:44.540726+00:00 INFO 'ansible_navigator.main' Command provided: 'run ospf_sync.yml --mode stdout -t init'
2022-11-23T11:33:44.540762+00:00 ERROR 'ansible_navigator.main' Execution environment support while using podman requires a '/dev/mqueue/' directory.
2022-11-23T11:33:44.540796+00:00 INFO 'ansible_navigator.main' Try creating it with 'mkdir /dev/mqueue/' or reference the documentation for your operating system related to POSIX message queues.
2022-11-23T11:33:44.540830+00:00 INFO 'ansible_navigator.main' Configuration failed, using default log file location. (/Users/mrainer/Documents/dev/ansible/generic/cisco/pyats/ansible-navigator.log) Log level set to debug
2022-11-23T11:33:44.540863+00:00 INFO 'ansible_navigator.main' Review the hints and log file to see what went wrong.
